Determining if the pthread_create exist failed with the following output:
Change Dir: /home/danu/catkin_custom/catkin_gazebo_simple/build/CMakeFiles/CMakeTmp

Run Build Command:"/usr/bin/make" "cmTC_8836c/fast"
/usr/bin/make -f CMakeFiles/cmTC_8836c.dir/build.make CMakeFiles/cmTC_8836c.dir/build
make[1]: Entering directory '/home/danu/catkin_custom/catkin_gazebo_simple/build/CMakeFiles/CMakeTmp'
Building C object CMakeFiles/cmTC_8836c.dir/CheckSymbolExists.c.o
/usr/bin/cc     -o CMakeFiles/cmTC_8836c.dir/CheckSymbolExists.c.o   -c /home/danu/catkin_custom/catkin_gazebo_simple/build/CMakeFiles/CMakeTmp/CheckSymbolExists.c
Linking C executable cmTC_8836c
/usr/bin/cmake -E cmake_link_script CMakeFiles/cmTC_8836c.dir/link.txt --verbose=1
/usr/bin/cc       CMakeFiles/cmTC_8836c.dir/CheckSymbolExists.c.o  -o cmTC_8836c -rdynamic 
CMakeFiles/cmTC_8836c.dir/CheckSymbolExists.c.o: In function `main':
CheckSymbolExists.c:(.text+0x16): undefined reference to `pthread_create'
collect2: error: ld returned 1 exit status
CMakeFiles/cmTC_8836c.dir/build.make:97: recipe for target 'cmTC_8836c' failed
make[1]: *** [cmTC_8836c] Error 1
make[1]: Leaving directory '/home/danu/catkin_custom/catkin_gazebo_simple/build/CMakeFiles/CMakeTmp'
Makefile:126: recipe for target 'cmTC_8836c/fast' failed
make: *** [cmTC_8836c/fast] Error 2

File /home/danu/catkin_custom/catkin_gazebo_simple/build/CMakeFiles/CMakeTmp/CheckSymbolExists.c:
/* */
#include <pthread.h>

int main(int argc, char** argv)
{
  (void)argv;
#ifndef pthread_create
  return ((int*)(&pthread_create))[argc];
#else
  (void)argc;
  return 0;
#endif
}

Determining if the function pthread_create exists in the pthreads failed with the following output:
Change Dir: /home/danu/catkin_custom/catkin_gazebo_simple/build/CMakeFiles/CMakeTmp

Run Build Command:"/usr/bin/make" "cmTC_2b208/fast"
/usr/bin/make -f CMakeFiles/cmTC_2b208.dir/build.make CMakeFiles/cmTC_2b208.dir/build
make[1]: Entering directory '/home/danu/catkin_custom/catkin_gazebo_simple/build/CMakeFiles/CMakeTmp'
Building C object CMakeFiles/cmTC_2b208.dir/CheckFunctionExists.c.o
/usr/bin/cc    -DCHECK_FUNCTION_EXISTS=pthread_create   -o CMakeFiles/cmTC_2b208.dir/CheckFunctionExists.c.o   -c /usr/share/cmake-3.5/Modules/CheckFunctionExists.c
Linking C executable cmTC_2b208
/usr/bin/cmake -E cmake_link_script CMakeFiles/cmTC_2b208.dir/link.txt --verbose=1
/usr/bin/cc   -DCHECK_FUNCTION_EXISTS=pthread_create    CMakeFiles/cmTC_2b208.dir/CheckFunctionExists.c.o  -o cmTC_2b208 -rdynamic -lpthreads 
/usr/bin/ld: cannot find -lpthreads
collect2: error: ld returned 1 exit status
CMakeFiles/cmTC_2b208.dir/build.make:97: recipe for target 'cmTC_2b208' failed
make[1]: *** [cmTC_2b208] Error 1
make[1]: Leaving directory '/home/danu/catkin_custom/catkin_gazebo_simple/build/CMakeFiles/CMakeTmp'
Makefile:126: recipe for target 'cmTC_2b208/fast' failed
make: *** [cmTC_2b208/fast] Error 2


